<?xml version="1.0" encoding="UTF-8"?>
<!-- Generated by org.testng.reporters.JUnitReportReporter -->
<testsuite skipped="0" hostname="Rocker" name="code.Tests" tests="1" failures="0" timestamp="08 Oct 2017 20:49:34 GMT" time="0.940" errors="0">
  <testcase name="test1" time="0.940" classname="code.Tests"/>
</testsuite> <!-- code.Tests -->
